
Circuit 1 cell sky130_fd_pr__nfet_01v8 and Circuit 2 cell sky130_fd_pr__nfet_01v8 are black boxes.
Equate elements:  no current cell.
Device classes sky130_fd_pr__nfet_01v8 and sky130_fd_pr__nfet_01v8 are equivalent.

Subcircuit summary:
Circuit 1: tt_um_floating_bulk_test_2_NETG |Circuit 2: tt_um_floating_bulk_test_2.spic 
-------------------------------------------|-------------------------------------------
sky130_fd_pr__nfet_01v8 (2)                |sky130_fd_pr__nfet_01v8 (2)                
Number of devices: 2                       |Number of devices: 2                       
Number of nets: 6                          |Number of nets: 6                          
---------------------------------------------------------------------------------------
Resolving symmetries by property value.
Resolving symmetries by pin name.
Resolving symmetries by net name.
Netlists match with 1 symmetry with property errors.
sky130_fd_pr__nfet_01v8:M1 vs. sky130_fd_pr__nfet_01v8:0:
 W circuit1: 1   circuit2: 0.42   (delta=81.7%, cutoff=1%)
sky130_fd_pr__nfet_01v8:M2 vs. sky130_fd_pr__nfet_01v8:1:
 W circuit1: 1   circuit2: 0.42   (delta=81.7%, cutoff=1%)
Cells have no pins;  pin matching not needed.
Device classes tt_um_floating_bulk_test_2_NETGEN.spice and tt_um_floating_bulk_test_2.spice are equivalent.

Final result: Circuits match uniquely.
Property errors were found.

The following cells had property errors:
 tt_um_floating_bulk_test_2_NETGEN.spice
